2021-10-27 14:39:39.855  INFO 7376 --- [main] c.a.ProductRestApiApplication            : Starting ProductRestApiApplication using Java 17 on DESKTOP-CSIV5M0 with PID 7376 (C:\Users\103412781\Documents\Spring Tools Suite 4\Spring Boot Fundamentals\productRestApi\target\classes started by 103412781 in C:\Users\103412781\Documents\Spring Tools Suite 4\Spring Boot Fundamentals\productRestApi)
2021-10-27 14:39:39.863  INFO 7376 --- [main] c.a.ProductRestApiApplication            : No active profile set, falling back to default profiles: default
2021-10-27 14:39:40.578  INFO 7376 --- [main] .s.d.r.c.RepositoryConfigurationDelegate : Bootstrapping Spring Data JPA repositories in DEFAULT mode.
2021-10-27 14:39:40.650  INFO 7376 --- [main] .s.d.r.c.RepositoryConfigurationDelegate : Finished Spring Data repository scanning in 50 ms. Found 1 JPA repository interfaces.
2021-10-27 14:39:41.308  INFO 7376 --- [main] o.s.b.w.embedded.tomcat.TomcatWebServer  : Tomcat initialized with port(s): 8080 (http)
2021-10-27 14:39:41.318  INFO 7376 --- [main] o.apache.catalina.core.StandardService   : Starting service [Tomcat]
2021-10-27 14:39:41.319  INFO 7376 --- [main] org.apache.catalina.core.StandardEngine  : Starting Servlet engine: [Apache Tomcat/9.0.54]
2021-10-27 14:39:41.481  INFO 7376 --- [main] o.a.c.c.C.[.[localhost].[/productapi]    : Initializing Spring embedded WebApplicationContext
2021-10-27 14:39:41.481  INFO 7376 --- [main] w.s.c.ServletWebServerApplicationContext : Root WebApplicationContext: initialization completed in 1542 ms
2021-10-27 14:39:41.694  INFO 7376 --- [main] com.zaxxer.hikari.HikariDataSource       : HikariPool-1 - Starting...
2021-10-27 14:39:42.123  INFO 7376 --- [main] com.zaxxer.hikari.HikariDataSource       : HikariPool-1 - Start completed.
2021-10-27 14:39:42.189  INFO 7376 --- [main] o.hibernate.jpa.internal.util.LogHelper  : HHH000204: Processing PersistenceUnitInfo [name: default]
2021-10-27 14:39:42.267  INFO 7376 --- [main] org.hibernate.Version                    : HHH000412: Hibernate ORM core version 5.6.0.Final
2021-10-27 14:39:42.618  INFO 7376 --- [main] o.hibernate.annotations.common.Version   : HCANN000001: Hibernate Commons Annotations {5.1.2.Final}
2021-10-27 14:39:42.818  INFO 7376 --- [main] org.hibernate.dialect.Dialect            : HHH000400: Using dialect: org.hibernate.dialect.MySQL8Dialect
2021-10-27 14:39:43.622  INFO 7376 --- [main] o.h.e.t.j.p.i.JtaPlatformInitiator       : HHH000490: Using JtaPlatform implementation: [org.hibernate.engine.transaction.jta.platform.internal.NoJtaPlatform]
2021-10-27 14:39:43.631  INFO 7376 --- [main] j.LocalContainerEntityManagerFactoryBean : Initialized JPA EntityManagerFactory for persistence unit 'default'
2021-10-27 14:39:44.033  WARN 7376 --- [main] JpaBaseConfiguration$JpaWebConfiguration : spring.jpa.open-in-view is enabled by default. Therefore, database queries may be performed during view rendering. Explicitly configure spring.jpa.open-in-view to disable this warning
2021-10-27 14:39:44.982  INFO 7376 --- [main] o.s.b.w.embedded.tomcat.TomcatWebServer  : Tomcat started on port(s): 8080 (http) with context path '/productapi'
2021-10-27 14:39:45.010  INFO 7376 --- [main] c.a.ProductRestApiApplication            : Started ProductRestApiApplication in 5.616 seconds (JVM running for 6.759)
2021-10-27 14:57:54.588  INFO 15076 --- [main] c.a.ProductRestControllerMvcTest         : Starting ProductRestControllerMvcTest using Java 17 on DESKTOP-CSIV5M0 with PID 15076 (started by 103412781 in C:\Users\103412781\Documents\Spring Tools Suite 4\Spring Boot Fundamentals\productRestApi)
2021-10-27 14:57:54.592  INFO 15076 --- [main] c.a.ProductRestControllerMvcTest         : No active profile set, falling back to default profiles: default
2021-10-27 14:57:57.938  INFO 15076 --- [main] o.s.b.t.m.w.SpringBootMockServletContext : Initializing Spring TestDispatcherServlet ''
2021-10-27 14:57:57.939  INFO 15076 --- [main] o.s.t.web.servlet.TestDispatcherServlet  : Initializing Servlet ''
2021-10-27 14:57:57.941  INFO 15076 --- [main] o.s.t.web.servlet.TestDispatcherServlet  : Completed initialization in 2 ms
2021-10-27 14:57:57.993  INFO 15076 --- [main] c.a.ProductRestControllerMvcTest         : Started ProductRestControllerMvcTest in 4.263 seconds (JVM running for 5.958)
2021-10-27 14:58:38.663  INFO 1016 --- [main] c.a.ProductRestControllerMvcTest         : Starting ProductRestControllerMvcTest using Java 17 on DESKTOP-CSIV5M0 with PID 1016 (started by 103412781 in C:\Users\103412781\Documents\Spring Tools Suite 4\Spring Boot Fundamentals\productRestApi)
2021-10-27 14:58:38.669  INFO 1016 --- [main] c.a.ProductRestControllerMvcTest         : No active profile set, falling back to default profiles: default
2021-10-27 14:58:43.590  INFO 1016 --- [main] o.s.b.t.m.w.SpringBootMockServletContext : Initializing Spring TestDispatcherServlet ''
2021-10-27 14:58:43.591  INFO 1016 --- [main] o.s.t.web.servlet.TestDispatcherServlet  : Initializing Servlet ''
2021-10-27 14:58:43.593  INFO 1016 --- [main] o.s.t.web.servlet.TestDispatcherServlet  : Completed initialization in 1 ms
2021-10-27 14:58:43.704  INFO 1016 --- [main] c.a.ProductRestControllerMvcTest         : Started ProductRestControllerMvcTest in 6.483 seconds (JVM running for 9.007)
2021-10-27 15:03:32.677  INFO 15784 --- [main] c.a.ProductRestControllerMvcTest         : Starting ProductRestControllerMvcTest using Java 17 on DESKTOP-CSIV5M0 with PID 15784 (started by 103412781 in C:\Users\103412781\Documents\Spring Tools Suite 4\Spring Boot Fundamentals\productRestApi)
2021-10-27 15:03:32.682  INFO 15784 --- [main] c.a.ProductRestControllerMvcTest         : No active profile set, falling back to default profiles: default
2021-10-27 15:03:37.675  INFO 15784 --- [main] o.s.b.t.m.w.SpringBootMockServletContext : Initializing Spring TestDispatcherServlet ''
2021-10-27 15:03:37.676  INFO 15784 --- [main] o.s.t.web.servlet.TestDispatcherServlet  : Initializing Servlet ''
2021-10-27 15:03:37.682  INFO 15784 --- [main] o.s.t.web.servlet.TestDispatcherServlet  : Completed initialization in 5 ms
2021-10-27 15:03:37.789  INFO 15784 --- [main] c.a.ProductRestControllerMvcTest         : Started ProductRestControllerMvcTest in 6.407 seconds (JVM running for 8.988)
2021-10-27 15:04:23.190  INFO 11328 --- [main] c.a.ProductRestControllerMvcTest         : Starting ProductRestControllerMvcTest using Java 17 on DESKTOP-CSIV5M0 with PID 11328 (started by 103412781 in C:\Users\103412781\Documents\Spring Tools Suite 4\Spring Boot Fundamentals\productRestApi)
2021-10-27 15:04:23.195  INFO 11328 --- [main] c.a.ProductRestControllerMvcTest         : No active profile set, falling back to default profiles: default
2021-10-27 15:04:26.339  INFO 11328 --- [main] o.s.b.t.m.w.SpringBootMockServletContext : Initializing Spring TestDispatcherServlet ''
2021-10-27 15:04:26.340  INFO 11328 --- [main] o.s.t.web.servlet.TestDispatcherServlet  : Initializing Servlet ''
2021-10-27 15:04:26.342  INFO 11328 --- [main] o.s.t.web.servlet.TestDispatcherServlet  : Completed initialization in 2 ms
2021-10-27 15:04:26.397  INFO 11328 --- [main] c.a.ProductRestControllerMvcTest         : Started ProductRestControllerMvcTest in 4.007 seconds (JVM running for 5.832)
2021-10-27 15:04:58.930  INFO 7376 --- [http-nio-8080-exec-1] o.a.c.c.C.[.[localhost].[/productapi]    : Initializing Spring DispatcherServlet 'dispatcherServlet'
2021-10-27 15:04:58.931  INFO 7376 --- [http-nio-8080-exec-1] o.s.web.servlet.DispatcherServlet        : Initializing Servlet 'dispatcherServlet'
2021-10-27 15:04:58.932  INFO 7376 --- [http-nio-8080-exec-1] o.s.web.servlet.DispatcherServlet        : Completed initialization in 1 ms
2021-10-27 15:06:09.840  INFO 13536 --- [main] c.a.ProductRestControllerMvcTest         : Starting ProductRestControllerMvcTest using Java 17 on DESKTOP-CSIV5M0 with PID 13536 (started by 103412781 in C:\Users\103412781\Documents\Spring Tools Suite 4\Spring Boot Fundamentals\productRestApi)
2021-10-27 15:06:09.846  INFO 13536 --- [main] c.a.ProductRestControllerMvcTest         : No active profile set, falling back to default profiles: default
2021-10-27 15:06:13.065  INFO 13536 --- [main] o.s.b.t.m.w.SpringBootMockServletContext : Initializing Spring TestDispatcherServlet ''
2021-10-27 15:06:13.066  INFO 13536 --- [main] o.s.t.web.servlet.TestDispatcherServlet  : Initializing Servlet ''
2021-10-27 15:06:13.068  INFO 13536 --- [main] o.s.t.web.servlet.TestDispatcherServlet  : Completed initialization in 2 ms
2021-10-27 15:06:13.119  INFO 13536 --- [main] c.a.ProductRestControllerMvcTest         : Started ProductRestControllerMvcTest in 4.025 seconds (JVM running for 6.147)
2021-10-27 15:06:55.010  INFO 3956 --- [main] c.a.ProductRestControllerMvcTest         : Starting ProductRestControllerMvcTest using Java 17 on DESKTOP-CSIV5M0 with PID 3956 (started by 103412781 in C:\Users\103412781\Documents\Spring Tools Suite 4\Spring Boot Fundamentals\productRestApi)
2021-10-27 15:06:55.014  INFO 3956 --- [main] c.a.ProductRestControllerMvcTest         : No active profile set, falling back to default profiles: default
2021-10-27 15:06:58.368  INFO 3956 --- [main] o.s.b.t.m.w.SpringBootMockServletContext : Initializing Spring TestDispatcherServlet ''
2021-10-27 15:06:58.369  INFO 3956 --- [main] o.s.t.web.servlet.TestDispatcherServlet  : Initializing Servlet ''
2021-10-27 15:06:58.371  INFO 3956 --- [main] o.s.t.web.servlet.TestDispatcherServlet  : Completed initialization in 2 ms
2021-10-27 15:06:58.458  INFO 3956 --- [main] c.a.ProductRestControllerMvcTest         : Started ProductRestControllerMvcTest in 4.22 seconds (JVM running for 6.166)
2021-10-27 15:09:25.518  INFO 8280 --- [main] c.a.ProductRestControllerMvcTest         : Starting ProductRestControllerMvcTest using Java 17 on DESKTOP-CSIV5M0 with PID 8280 (started by 103412781 in C:\Users\103412781\Documents\Spring Tools Suite 4\Spring Boot Fundamentals\productRestApi)
2021-10-27 15:09:25.524  INFO 8280 --- [main] c.a.ProductRestControllerMvcTest         : No active profile set, falling back to default profiles: default
2021-10-27 15:09:28.942  INFO 8280 --- [main] o.s.b.t.m.w.SpringBootMockServletContext : Initializing Spring TestDispatcherServlet ''
2021-10-27 15:09:28.943  INFO 8280 --- [main] o.s.t.web.servlet.TestDispatcherServlet  : Initializing Servlet ''
2021-10-27 15:09:28.945  INFO 8280 --- [main] o.s.t.web.servlet.TestDispatcherServlet  : Completed initialization in 1 ms
2021-10-27 15:09:29.027  INFO 8280 --- [main] c.a.ProductRestControllerMvcTest         : Started ProductRestControllerMvcTest in 4.363 seconds (JVM running for 6.086)
2021-10-27 15:15:45.154  INFO 6140 --- [main] c.a.ProductRestControllerMvcTest         : Starting ProductRestControllerMvcTest using Java 17 on DESKTOP-CSIV5M0 with PID 6140 (started by 103412781 in C:\Users\103412781\Documents\Spring Tools Suite 4\Spring Boot Fundamentals\productRestApi)
2021-10-27 15:15:45.158  INFO 6140 --- [main] c.a.ProductRestControllerMvcTest         : No active profile set, falling back to default profiles: default
2021-10-27 15:15:50.403  INFO 6140 --- [main] o.s.b.t.m.w.SpringBootMockServletContext : Initializing Spring TestDispatcherServlet ''
2021-10-27 15:15:50.403  INFO 6140 --- [main] o.s.t.web.servlet.TestDispatcherServlet  : Initializing Servlet ''
2021-10-27 15:15:50.405  INFO 6140 --- [main] o.s.t.web.servlet.TestDispatcherServlet  : Completed initialization in 1 ms
2021-10-27 15:15:50.470  INFO 6140 --- [main] c.a.ProductRestControllerMvcTest         : Started ProductRestControllerMvcTest in 6.572 seconds (JVM running for 9.158)
2021-10-27 15:26:35.595  INFO 4692 --- [main] c.a.ProductRestControllerMvcTest         : Starting ProductRestControllerMvcTest using Java 17 on DESKTOP-CSIV5M0 with PID 4692 (started by 103412781 in C:\Users\103412781\Documents\Spring Tools Suite 4\Spring Boot Fundamentals\productRestApi)
2021-10-27 15:26:35.599  INFO 4692 --- [main] c.a.ProductRestControllerMvcTest         : No active profile set, falling back to default profiles: default
2021-10-27 15:26:41.268  INFO 4692 --- [main] o.s.b.t.m.w.SpringBootMockServletContext : Initializing Spring TestDispatcherServlet ''
2021-10-27 15:26:41.269  INFO 4692 --- [main] o.s.t.web.servlet.TestDispatcherServlet  : Initializing Servlet ''
2021-10-27 15:26:41.274  INFO 4692 --- [main] o.s.t.web.servlet.TestDispatcherServlet  : Completed initialization in 4 ms
2021-10-27 15:26:41.383  INFO 4692 --- [main] c.a.ProductRestControllerMvcTest         : Started ProductRestControllerMvcTest in 6.93 seconds (JVM running for 10.031)
2021-10-27 15:28:02.333  INFO 11416 --- [main] c.a.ProductRestControllerMvcTest         : Starting ProductRestControllerMvcTest using Java 17 on DESKTOP-CSIV5M0 with PID 11416 (started by 103412781 in C:\Users\103412781\Documents\Spring Tools Suite 4\Spring Boot Fundamentals\productRestApi)
2021-10-27 15:28:02.336  INFO 11416 --- [main] c.a.ProductRestControllerMvcTest         : No active profile set, falling back to default profiles: default
2021-10-27 15:28:07.658  INFO 11416 --- [main] o.s.b.t.m.w.SpringBootMockServletContext : Initializing Spring TestDispatcherServlet ''
2021-10-27 15:28:07.659  INFO 11416 --- [main] o.s.t.web.servlet.TestDispatcherServlet  : Initializing Servlet ''
2021-10-27 15:28:07.662  INFO 11416 --- [main] o.s.t.web.servlet.TestDispatcherServlet  : Completed initialization in 3 ms
2021-10-27 15:28:07.815  INFO 11416 --- [main] c.a.ProductRestControllerMvcTest         : Started ProductRestControllerMvcTest in 6.716 seconds (JVM running for 10.7)
2021-10-27 15:31:05.327  INFO 7432 --- [main] c.a.ProductRestControllerMvcTest         : Starting ProductRestControllerMvcTest using Java 17 on DESKTOP-CSIV5M0 with PID 7432 (started by 103412781 in C:\Users\103412781\Documents\Spring Tools Suite 4\Spring Boot Fundamentals\productRestApi)
2021-10-27 15:31:05.332  INFO 7432 --- [main] c.a.ProductRestControllerMvcTest         : No active profile set, falling back to default profiles: default
2021-10-27 15:31:10.072  INFO 7432 --- [main] o.s.b.t.m.w.SpringBootMockServletContext : Initializing Spring TestDispatcherServlet ''
2021-10-27 15:31:10.073  INFO 7432 --- [main] o.s.t.web.servlet.TestDispatcherServlet  : Initializing Servlet ''
2021-10-27 15:31:10.083  INFO 7432 --- [main] o.s.t.web.servlet.TestDispatcherServlet  : Completed initialization in 9 ms
2021-10-27 15:31:10.205  INFO 7432 --- [main] c.a.ProductRestControllerMvcTest         : Started ProductRestControllerMvcTest in 6.021 seconds (JVM running for 9.059)
2021-10-27 15:34:07.343  INFO 9560 --- [main] c.a.ProductRestControllerMvcTest         : Starting ProductRestControllerMvcTest using Java 17 on DESKTOP-CSIV5M0 with PID 9560 (started by 103412781 in C:\Users\103412781\Documents\Spring Tools Suite 4\Spring Boot Fundamentals\productRestApi)
2021-10-27 15:34:07.348  INFO 9560 --- [main] c.a.ProductRestControllerMvcTest         : No active profile set, falling back to default profiles: default
2021-10-27 15:34:13.321  INFO 9560 --- [main] o.s.b.t.m.w.SpringBootMockServletContext : Initializing Spring TestDispatcherServlet ''
2021-10-27 15:34:13.322  INFO 9560 --- [main] o.s.t.web.servlet.TestDispatcherServlet  : Initializing Servlet ''
2021-10-27 15:34:13.325  INFO 9560 --- [main] o.s.t.web.servlet.TestDispatcherServlet  : Completed initialization in 2 ms
2021-10-27 15:34:13.437  INFO 9560 --- [main] c.a.ProductRestControllerMvcTest         : Started ProductRestControllerMvcTest in 7.406 seconds (JVM running for 11.379)
2021-10-27 15:34:13.925  WARN 9560 --- [main] .w.s.m.s.DefaultHandlerExceptionResolver : Resolved [org.springframework.web.HttpRequestMethodNotSupportedException: Request method 'DELETE' not supported]
2021-10-27 15:35:23.977  INFO 11860 --- [main] c.a.ProductRestControllerMvcTest         : Starting ProductRestControllerMvcTest using Java 17 on DESKTOP-CSIV5M0 with PID 11860 (started by 103412781 in C:\Users\103412781\Documents\Spring Tools Suite 4\Spring Boot Fundamentals\productRestApi)
2021-10-27 15:35:23.982  INFO 11860 --- [main] c.a.ProductRestControllerMvcTest         : No active profile set, falling back to default profiles: default
2021-10-27 15:35:29.646  INFO 11860 --- [main] o.s.b.t.m.w.SpringBootMockServletContext : Initializing Spring TestDispatcherServlet ''
2021-10-27 15:35:29.648  INFO 11860 --- [main] o.s.t.web.servlet.TestDispatcherServlet  : Initializing Servlet ''
2021-10-27 15:35:29.650  INFO 11860 --- [main] o.s.t.web.servlet.TestDispatcherServlet  : Completed initialization in 2 ms
2021-10-27 15:35:29.735  INFO 11860 --- [main] c.a.ProductRestControllerMvcTest         : Started ProductRestControllerMvcTest in 7.111 seconds (JVM running for 10.98)
2021-10-27 15:55:46.628  INFO 7376 --- [RMI TCP Connection(82)-127.0.0.1] inMXBeanRegistrar$SpringApplicationAdmin : Application shutdown requested.
2021-10-27 15:55:46.715  INFO 7376 --- [RMI TCP Connection(82)-127.0.0.1] j.LocalContainerEntityManagerFactoryBean : Closing JPA EntityManagerFactory for persistence unit 'default'
2021-10-27 15:55:46.724  INFO 7376 --- [RMI TCP Connection(82)-127.0.0.1] com.zaxxer.hikari.HikariDataSource       : HikariPool-1 - Shutdown initiated...
2021-10-27 15:55:46.752  INFO 7376 --- [RMI TCP Connection(82)-127.0.0.1] com.zaxxer.hikari.HikariDataSource       : HikariPool-1 - Shutdown completed.
2021-10-27 17:16:33.194  INFO 6332 --- [main] c.a.ProductRestApiApplication            : Starting ProductRestApiApplication using Java 17 on DESKTOP-CSIV5M0 with PID 6332 (C:\Users\103412781\Documents\Spring Tools Suite 4\Spring Boot Fundamentals\productRestApi\target\classes started by 103412781 in C:\Users\103412781\Documents\Spring Tools Suite 4\Spring Boot Fundamentals\productRestApi)
2021-10-27 17:16:33.204  INFO 6332 --- [main] c.a.ProductRestApiApplication            : No active profile set, falling back to default profiles: default
2021-10-27 17:16:34.808  INFO 6332 --- [main] .s.d.r.c.RepositoryConfigurationDelegate : Bootstrapping Spring Data JPA repositories in DEFAULT mode.
2021-10-27 17:16:34.912  INFO 6332 --- [main] .s.d.r.c.RepositoryConfigurationDelegate : Finished Spring Data repository scanning in 88 ms. Found 1 JPA repository interfaces.
2021-10-27 17:16:36.056  INFO 6332 --- [main] o.s.b.w.embedded.tomcat.TomcatWebServer  : Tomcat initialized with port(s): 8080 (http)
2021-10-27 17:16:36.069  INFO 6332 --- [main] o.apache.catalina.core.StandardService   : Starting service [Tomcat]
2021-10-27 17:16:36.070  INFO 6332 --- [main] org.apache.catalina.core.StandardEngine  : Starting Servlet engine: [Apache Tomcat/9.0.54]
2021-10-27 17:16:36.292  INFO 6332 --- [main] o.a.c.c.C.[.[localhost].[/productapi]    : Initializing Spring embedded WebApplicationContext
2021-10-27 17:16:36.294  INFO 6332 --- [main] w.s.c.ServletWebServerApplicationContext : Root WebApplicationContext: initialization completed in 2956 ms
2021-10-27 17:16:36.631  INFO 6332 --- [main] com.zaxxer.hikari.HikariDataSource       : HikariPool-1 - Starting...
2021-10-27 17:16:37.467  INFO 6332 --- [main] com.zaxxer.hikari.HikariDataSource       : HikariPool-1 - Start completed.
2021-10-27 17:16:37.550  INFO 6332 --- [main] o.hibernate.jpa.internal.util.LogHelper  : HHH000204: Processing PersistenceUnitInfo [name: default]
2021-10-27 17:16:37.740  INFO 6332 --- [main] org.hibernate.Version                    : HHH000412: Hibernate ORM core version 5.6.0.Final
2021-10-27 17:16:38.349  INFO 6332 --- [main] o.hibernate.annotations.common.Version   : HCANN000001: Hibernate Commons Annotations {5.1.2.Final}
2021-10-27 17:16:38.739  INFO 6332 --- [main] org.hibernate.dialect.Dialect            : HHH000400: Using dialect: org.hibernate.dialect.MySQL8Dialect
2021-10-27 17:16:40.044  INFO 6332 --- [main] o.h.e.t.j.p.i.JtaPlatformInitiator       : HHH000490: Using JtaPlatform implementation: [org.hibernate.engine.transaction.jta.platform.internal.NoJtaPlatform]
2021-10-27 17:16:40.062  INFO 6332 --- [main] j.LocalContainerEntityManagerFactoryBean : Initialized JPA EntityManagerFactory for persistence unit 'default'
2021-10-27 17:16:40.908  WARN 6332 --- [main] JpaBaseConfiguration$JpaWebConfiguration : spring.jpa.open-in-view is enabled by default. Therefore, database queries may be performed during view rendering. Explicitly configure spring.jpa.open-in-view to disable this warning
2021-10-27 17:16:41.194  INFO 6332 --- [main] pertySourcedRequestMappingHandlerMapping : Mapped URL path [/v2/api-docs] onto method [springfox.documentation.swagger2.web.Swagger2Controller#getDocumentation(String, HttpServletRequest)]
2021-10-27 17:16:42.007  INFO 6332 --- [main] o.s.b.w.embedded.tomcat.TomcatWebServer  : Tomcat started on port(s): 8080 (http) with context path '/productapi'
2021-10-27 17:16:42.009  INFO 6332 --- [main] d.s.w.p.DocumentationPluginsBootstrapper : Context refreshed
2021-10-27 17:16:42.094  INFO 6332 --- [main] d.s.w.p.DocumentationPluginsBootstrapper : Found 1 custom documentation plugin(s)
2021-10-27 17:16:42.108  WARN 6332 --- [main] ConfigServletWebServerApplicationContext : Exception encountered during context initialization - cancelling refresh attempt: org.springframework.context.ApplicationContextException: Failed to start bean 'documentationPluginsBootstrapper'; nested exception is java.lang.NullPointerException: Cannot invoke "org.springframework.web.servlet.mvc.condition.PatternsRequestCondition.toString()" because the return value of "springfox.documentation.spi.service.contexts.Orderings.patternsCondition(springfox.documentation.RequestHandler)" is null
2021-10-27 17:16:42.113  INFO 6332 --- [main] j.LocalContainerEntityManagerFactoryBean : Closing JPA EntityManagerFactory for persistence unit 'default'
2021-10-27 17:16:42.121  INFO 6332 --- [main] com.zaxxer.hikari.HikariDataSource       : HikariPool-1 - Shutdown initiated...
2021-10-27 17:16:42.145  INFO 6332 --- [main] com.zaxxer.hikari.HikariDataSource       : HikariPool-1 - Shutdown completed.
2021-10-27 17:16:42.175  INFO 6332 --- [main] o.apache.catalina.core.StandardService   : Stopping service [Tomcat]
2021-10-27 17:16:42.204  INFO 6332 --- [main] ConditionEvaluationReportLoggingListener : 

Error starting ApplicationContext. To display the conditions report re-run your application with 'debug' enabled.
2021-10-27 17:16:42.246 ERROR 6332 --- [main] o.s.boot.SpringApplication               : Application run failed

org.springframework.context.ApplicationContextException: Failed to start bean 'documentationPluginsBootstrapper'; nested exception is java.lang.NullPointerException: Cannot invoke "org.springframework.web.servlet.mvc.condition.PatternsRequestCondition.toString()" because the return value of "springfox.documentation.spi.service.contexts.Orderings.patternsCondition(springfox.documentation.RequestHandler)" is null
	at org.springframework.context.support.DefaultLifecycleProcessor.doStart(DefaultLifecycleProcessor.java:181) ~[spring-context-5.3.12.jar:5.3.12]
	at org.springframework.context.support.DefaultLifecycleProcessor.access$200(DefaultLifecycleProcessor.java:54) ~[spring-context-5.3.12.jar:5.3.12]
	at org.springframework.context.support.DefaultLifecycleProcessor$LifecycleGroup.start(DefaultLifecycleProcessor.java:356) ~[spring-context-5.3.12.jar:5.3.12]
	at java.base/java.lang.Iterable.forEach(Iterable.java:75) ~[na:na]
	at org.springframework.context.support.DefaultLifecycleProcessor.startBeans(DefaultLifecycleProcessor.java:155) ~[spring-context-5.3.12.jar:5.3.12]
	at org.springframework.context.support.DefaultLifecycleProcessor.onRefresh(DefaultLifecycleProcessor.java:123) ~[spring-context-5.3.12.jar:5.3.12]
	at org.springframework.context.support.AbstractApplicationContext.finishRefresh(AbstractApplicationContext.java:935) ~[spring-context-5.3.12.jar:5.3.12]
	at org.springframework.context.support.AbstractApplicationContext.refresh(AbstractApplicationContext.java:586) ~[spring-context-5.3.12.jar:5.3.12]
	at org.springframework.boot.web.servlet.context.ServletWebServerApplicationContext.refresh(ServletWebServerApplicationContext.java:145) ~[spring-boot-2.6.0-SNAPSHOT.jar:2.6.0-SNAPSHOT]
	at org.springframework.boot.SpringApplication.refresh(SpringApplication.java:719) ~[spring-boot-2.6.0-SNAPSHOT.jar:2.6.0-SNAPSHOT]
	at org.springframework.boot.SpringApplication.refreshContext(SpringApplication.java:401) ~[spring-boot-2.6.0-SNAPSHOT.jar:2.6.0-SNAPSHOT]
	at org.springframework.boot.SpringApplication.run(SpringApplication.java:302) ~[spring-boot-2.6.0-SNAPSHOT.jar:2.6.0-SNAPSHOT]
	at org.springframework.boot.SpringApplication.run(SpringApplication.java:1290) ~[spring-boot-2.6.0-SNAPSHOT.jar:2.6.0-SNAPSHOT]
	at org.springframework.boot.SpringApplication.run(SpringApplication.java:1279) ~[spring-boot-2.6.0-SNAPSHOT.jar:2.6.0-SNAPSHOT]
	at com.alfacentauri.ProductRestApiApplication.main(ProductRestApiApplication.java:13) ~[classes/:na]
Caused by: java.lang.NullPointerException: Cannot invoke "org.springframework.web.servlet.mvc.condition.PatternsRequestCondition.toString()" because the return value of "springfox.documentation.spi.service.contexts.Orderings.patternsCondition(springfox.documentation.RequestHandler)" is null
	at springfox.documentation.spi.service.contexts.Orderings$8.compare(Orderings.java:112) ~[springfox-spi-2.9.2.jar:null]
	at springfox.documentation.spi.service.contexts.Orderings$8.compare(Orderings.java:109) ~[springfox-spi-2.9.2.jar:null]
	at com.google.common.collect.ComparatorOrdering.compare(ComparatorOrdering.java:37) ~[guava-20.0.jar:na]
	at java.base/java.util.TimSort.countRunAndMakeAscending(TimSort.java:355) ~[na:na]
	at java.base/java.util.TimSort.sort(TimSort.java:220) ~[na:na]
	at java.base/java.util.Arrays.sort(Arrays.java:1233) ~[na:na]
	at com.google.common.collect.Ordering.sortedCopy(Ordering.java:855) ~[guava-20.0.jar:na]
	at springfox.documentation.spring.web.plugins.WebMvcRequestHandlerProvider.requestHandlers(WebMvcRequestHandlerProvider.java:57) ~[springfox-spring-web-2.9.2.jar:null]
	at springfox.documentation.spring.web.plugins.DocumentationPluginsBootstrapper$2.apply(DocumentationPluginsBootstrapper.java:138) ~[springfox-spring-web-2.9.2.jar:null]
	at springfox.documentation.spring.web.plugins.DocumentationPluginsBootstrapper$2.apply(DocumentationPluginsBootstrapper.java:135) ~[springfox-spring-web-2.9.2.jar:null]
	at com.google.common.collect.Iterators$7.transform(Iterators.java:750) ~[guava-20.0.jar:na]
	at com.google.common.collect.TransformedIterator.next(TransformedIterator.java:47) ~[guava-20.0.jar:na]
	at com.google.common.collect.TransformedIterator.next(TransformedIterator.java:47) ~[guava-20.0.jar:na]
	at com.google.common.collect.MultitransformedIterator.hasNext(MultitransformedIterator.java:52) ~[guava-20.0.jar:na]
	at com.google.common.collect.MultitransformedIterator.hasNext(MultitransformedIterator.java:50) ~[guava-20.0.jar:na]
	at com.google.common.collect.ImmutableList.copyOf(ImmutableList.java:249) ~[guava-20.0.jar:na]
	at com.google.common.collect.ImmutableList.copyOf(ImmutableList.java:209) ~[guava-20.0.jar:na]
	at com.google.common.collect.FluentIterable.toList(FluentIterable.java:614) ~[guava-20.0.jar:na]
	at springfox.documentation.spring.web.plugins.DocumentationPluginsBootstrapper.defaultContextBuilder(DocumentationPluginsBootstrapper.java:111) ~[springfox-spring-web-2.9.2.jar:null]
	at springfox.documentation.spring.web.plugins.DocumentationPluginsBootstrapper.buildContext(DocumentationPluginsBootstrapper.java:96) ~[springfox-spring-web-2.9.2.jar:null]
	at springfox.documentation.spring.web.plugins.DocumentationPluginsBootstrapper.start(DocumentationPluginsBootstrapper.java:167) ~[springfox-spring-web-2.9.2.jar:null]
	at org.springframework.context.support.DefaultLifecycleProcessor.doStart(DefaultLifecycleProcessor.java:178) ~[spring-context-5.3.12.jar:5.3.12]
	... 14 common frames omitted

2021-10-27 17:17:36.619  INFO 8840 --- [main] c.a.ProductRestApiApplication            : Starting ProductRestApiApplication using Java 17 on DESKTOP-CSIV5M0 with PID 8840 (C:\Users\103412781\Documents\Spring Tools Suite 4\Spring Boot Fundamentals\productRestApi\target\classes started by 103412781 in C:\Users\103412781\Documents\Spring Tools Suite 4\Spring Boot Fundamentals\productRestApi)
2021-10-27 17:17:36.623  INFO 8840 --- [main] c.a.ProductRestApiApplication            : No active profile set, falling back to default profiles: default
2021-10-27 17:17:37.465  INFO 8840 --- [main] .s.d.r.c.RepositoryConfigurationDelegate : Bootstrapping Spring Data JPA repositories in DEFAULT mode.
2021-10-27 17:17:37.521  INFO 8840 --- [main] .s.d.r.c.RepositoryConfigurationDelegate : Finished Spring Data repository scanning in 45 ms. Found 1 JPA repository interfaces.
2021-10-27 17:17:38.116  INFO 8840 --- [main] o.s.b.w.embedded.tomcat.TomcatWebServer  : Tomcat initialized with port(s): 8080 (http)
2021-10-27 17:17:38.126  INFO 8840 --- [main] o.apache.catalina.core.StandardService   : Starting service [Tomcat]
2021-10-27 17:17:38.127  INFO 8840 --- [main] org.apache.catalina.core.StandardEngine  : Starting Servlet engine: [Apache Tomcat/9.0.54]
2021-10-27 17:17:38.230  INFO 8840 --- [main] o.a.c.c.C.[.[localhost].[/productapi]    : Initializing Spring embedded WebApplicationContext
2021-10-27 17:17:38.230  INFO 8840 --- [main] w.s.c.ServletWebServerApplicationContext : Root WebApplicationContext: initialization completed in 1533 ms
2021-10-27 17:17:38.428  INFO 8840 --- [main] com.zaxxer.hikari.HikariDataSource       : HikariPool-1 - Starting...
2021-10-27 17:17:38.858  INFO 8840 --- [main] com.zaxxer.hikari.HikariDataSource       : HikariPool-1 - Start completed.
2021-10-27 17:17:38.929  INFO 8840 --- [main] o.hibernate.jpa.internal.util.LogHelper  : HHH000204: Processing PersistenceUnitInfo [name: default]
2021-10-27 17:17:39.033  INFO 8840 --- [main] org.hibernate.Version                    : HHH000412: Hibernate ORM core version 5.6.0.Final
2021-10-27 17:17:39.337  INFO 8840 --- [main] o.hibernate.annotations.common.Version   : HCANN000001: Hibernate Commons Annotations {5.1.2.Final}
2021-10-27 17:17:39.507  INFO 8840 --- [main] org.hibernate.dialect.Dialect            : HHH000400: Using dialect: org.hibernate.dialect.MySQL8Dialect
2021-10-27 17:17:40.359  INFO 8840 --- [main] o.h.e.t.j.p.i.JtaPlatformInitiator       : HHH000490: Using JtaPlatform implementation: [org.hibernate.engine.transaction.jta.platform.internal.NoJtaPlatform]
2021-10-27 17:17:40.369  INFO 8840 --- [main] j.LocalContainerEntityManagerFactoryBean : Initialized JPA EntityManagerFactory for persistence unit 'default'
2021-10-27 17:17:40.908  WARN 8840 --- [main] JpaBaseConfiguration$JpaWebConfiguration : spring.jpa.open-in-view is enabled by default. Therefore, database queries may be performed during view rendering. Explicitly configure spring.jpa.open-in-view to disable this warning
2021-10-27 17:17:41.104  INFO 8840 --- [main] pertySourcedRequestMappingHandlerMapping : Mapped URL path [/v2/api-docs] onto method [springfox.documentation.swagger2.web.Swagger2Controller#getDocumentation(String, HttpServletRequest)]
2021-10-27 17:17:41.491  INFO 8840 --- [main] o.s.b.w.embedded.tomcat.TomcatWebServer  : Tomcat started on port(s): 8080 (http) with context path '/productapi'
2021-10-27 17:17:41.493  INFO 8840 --- [main] d.s.w.p.DocumentationPluginsBootstrapper : Context refreshed
2021-10-27 17:17:41.525  INFO 8840 --- [main] d.s.w.p.DocumentationPluginsBootstrapper : Found 1 custom documentation plugin(s)
2021-10-27 17:17:41.529  WARN 8840 --- [main] ConfigServletWebServerApplicationContext : Exception encountered during context initialization - cancelling refresh attempt: org.springframework.context.ApplicationContextException: Failed to start bean 'documentationPluginsBootstrapper'; nested exception is java.lang.NullPointerException: Cannot invoke "org.springframework.web.servlet.mvc.condition.PatternsRequestCondition.toString()" because the return value of "springfox.documentation.spi.service.contexts.Orderings.patternsCondition(springfox.documentation.RequestHandler)" is null
2021-10-27 17:17:41.532  INFO 8840 --- [main] j.LocalContainerEntityManagerFactoryBean : Closing JPA EntityManagerFactory for persistence unit 'default'
2021-10-27 17:17:41.534  INFO 8840 --- [main] com.zaxxer.hikari.HikariDataSource       : HikariPool-1 - Shutdown initiated...
2021-10-27 17:17:41.545  INFO 8840 --- [main] com.zaxxer.hikari.HikariDataSource       : HikariPool-1 - Shutdown completed.
2021-10-27 17:17:41.560  INFO 8840 --- [main] o.apache.catalina.core.StandardService   : Stopping service [Tomcat]
2021-10-27 17:17:41.594  INFO 8840 --- [main] ConditionEvaluationReportLoggingListener : 

Error starting ApplicationContext. To display the conditions report re-run your application with 'debug' enabled.
2021-10-27 17:17:41.634 ERROR 8840 --- [main] o.s.boot.SpringApplication               : Application run failed

org.springframework.context.ApplicationContextException: Failed to start bean 'documentationPluginsBootstrapper'; nested exception is java.lang.NullPointerException: Cannot invoke "org.springframework.web.servlet.mvc.condition.PatternsRequestCondition.toString()" because the return value of "springfox.documentation.spi.service.contexts.Orderings.patternsCondition(springfox.documentation.RequestHandler)" is null
	at org.springframework.context.support.DefaultLifecycleProcessor.doStart(DefaultLifecycleProcessor.java:181) ~[spring-context-5.3.12.jar:5.3.12]
	at org.springframework.context.support.DefaultLifecycleProcessor.access$200(DefaultLifecycleProcessor.java:54) ~[spring-context-5.3.12.jar:5.3.12]
	at org.springframework.context.support.DefaultLifecycleProcessor$LifecycleGroup.start(DefaultLifecycleProcessor.java:356) ~[spring-context-5.3.12.jar:5.3.12]
	at java.base/java.lang.Iterable.forEach(Iterable.java:75) ~[na:na]
	at org.springframework.context.support.DefaultLifecycleProcessor.startBeans(DefaultLifecycleProcessor.java:155) ~[spring-context-5.3.12.jar:5.3.12]
	at org.springframework.context.support.DefaultLifecycleProcessor.onRefresh(DefaultLifecycleProcessor.java:123) ~[spring-context-5.3.12.jar:5.3.12]
	at org.springframework.context.support.AbstractApplicationContext.finishRefresh(AbstractApplicationContext.java:935) ~[spring-context-5.3.12.jar:5.3.12]
	at org.springframework.context.support.AbstractApplicationContext.refresh(AbstractApplicationContext.java:586) ~[spring-context-5.3.12.jar:5.3.12]
	at org.springframework.boot.web.servlet.context.ServletWebServerApplicationContext.refresh(ServletWebServerApplicationContext.java:145) ~[spring-boot-2.6.0-SNAPSHOT.jar:2.6.0-SNAPSHOT]
	at org.springframework.boot.SpringApplication.refresh(SpringApplication.java:719) ~[spring-boot-2.6.0-SNAPSHOT.jar:2.6.0-SNAPSHOT]
	at org.springframework.boot.SpringApplication.refreshContext(SpringApplication.java:401) ~[spring-boot-2.6.0-SNAPSHOT.jar:2.6.0-SNAPSHOT]
	at org.springframework.boot.SpringApplication.run(SpringApplication.java:302) ~[spring-boot-2.6.0-SNAPSHOT.jar:2.6.0-SNAPSHOT]
	at org.springframework.boot.SpringApplication.run(SpringApplication.java:1290) ~[spring-boot-2.6.0-SNAPSHOT.jar:2.6.0-SNAPSHOT]
	at org.springframework.boot.SpringApplication.run(SpringApplication.java:1279) ~[spring-boot-2.6.0-SNAPSHOT.jar:2.6.0-SNAPSHOT]
	at com.alfacentauri.ProductRestApiApplication.main(ProductRestApiApplication.java:13) ~[classes/:na]
Caused by: java.lang.NullPointerException: Cannot invoke "org.springframework.web.servlet.mvc.condition.PatternsRequestCondition.toString()" because the return value of "springfox.documentation.spi.service.contexts.Orderings.patternsCondition(springfox.documentation.RequestHandler)" is null
	at springfox.documentation.spi.service.contexts.Orderings$8.compare(Orderings.java:112) ~[springfox-spi-2.9.2.jar:null]
	at springfox.documentation.spi.service.contexts.Orderings$8.compare(Orderings.java:109) ~[springfox-spi-2.9.2.jar:null]
	at com.google.common.collect.ComparatorOrdering.compare(ComparatorOrdering.java:37) ~[guava-20.0.jar:na]
	at java.base/java.util.TimSort.countRunAndMakeAscending(TimSort.java:355) ~[na:na]
	at java.base/java.util.TimSort.sort(TimSort.java:220) ~[na:na]
	at java.base/java.util.Arrays.sort(Arrays.java:1233) ~[na:na]
	at com.google.common.collect.Ordering.sortedCopy(Ordering.java:855) ~[guava-20.0.jar:na]
	at springfox.documentation.spring.web.plugins.WebMvcRequestHandlerProvider.requestHandlers(WebMvcRequestHandlerProvider.java:57) ~[springfox-spring-web-2.9.2.jar:null]
	at springfox.documentation.spring.web.plugins.DocumentationPluginsBootstrapper$2.apply(DocumentationPluginsBootstrapper.java:138) ~[springfox-spring-web-2.9.2.jar:null]
	at springfox.documentation.spring.web.plugins.DocumentationPluginsBootstrapper$2.apply(DocumentationPluginsBootstrapper.java:135) ~[springfox-spring-web-2.9.2.jar:null]
	at com.google.common.collect.Iterators$7.transform(Iterators.java:750) ~[guava-20.0.jar:na]
	at com.google.common.collect.TransformedIterator.next(TransformedIterator.java:47) ~[guava-20.0.jar:na]
	at com.google.common.collect.TransformedIterator.next(TransformedIterator.java:47) ~[guava-20.0.jar:na]
	at com.google.common.collect.MultitransformedIterator.hasNext(MultitransformedIterator.java:52) ~[guava-20.0.jar:na]
	at com.google.common.collect.MultitransformedIterator.hasNext(MultitransformedIterator.java:50) ~[guava-20.0.jar:na]
	at com.google.common.collect.ImmutableList.copyOf(ImmutableList.java:249) ~[guava-20.0.jar:na]
	at com.google.common.collect.ImmutableList.copyOf(ImmutableList.java:209) ~[guava-20.0.jar:na]
	at com.google.common.collect.FluentIterable.toList(FluentIterable.java:614) ~[guava-20.0.jar:na]
	at springfox.documentation.spring.web.plugins.DocumentationPluginsBootstrapper.defaultContextBuilder(DocumentationPluginsBootstrapper.java:111) ~[springfox-spring-web-2.9.2.jar:null]
	at springfox.documentation.spring.web.plugins.DocumentationPluginsBootstrapper.buildContext(DocumentationPluginsBootstrapper.java:96) ~[springfox-spring-web-2.9.2.jar:null]
	at springfox.documentation.spring.web.plugins.DocumentationPluginsBootstrapper.start(DocumentationPluginsBootstrapper.java:167) ~[springfox-spring-web-2.9.2.jar:null]
	at org.springframework.context.support.DefaultLifecycleProcessor.doStart(DefaultLifecycleProcessor.java:178) ~[spring-context-5.3.12.jar:5.3.12]
	... 14 common frames omitted

2021-10-27 17:18:23.924  INFO 2504 --- [main] c.a.ProductRestApiApplication            : Starting ProductRestApiApplication using Java 17 on DESKTOP-CSIV5M0 with PID 2504 (C:\Users\103412781\Documents\Spring Tools Suite 4\Spring Boot Fundamentals\productRestApi\target\classes started by 103412781 in C:\Users\103412781\Documents\Spring Tools Suite 4\Spring Boot Fundamentals\productRestApi)
2021-10-27 17:18:23.927  INFO 2504 --- [main] c.a.ProductRestApiApplication            : No active profile set, falling back to default profiles: default
2021-10-27 17:18:24.759  INFO 2504 --- [main] .s.d.r.c.RepositoryConfigurationDelegate : Bootstrapping Spring Data JPA repositories in DEFAULT mode.
2021-10-27 17:18:24.806  INFO 2504 --- [main] .s.d.r.c.RepositoryConfigurationDelegate : Finished Spring Data repository scanning in 38 ms. Found 1 JPA repository interfaces.
2021-10-27 17:18:25.412  INFO 2504 --- [main] o.s.b.w.embedded.tomcat.TomcatWebServer  : Tomcat initialized with port(s): 8080 (http)
2021-10-27 17:18:25.422  INFO 2504 --- [main] o.apache.catalina.core.StandardService   : Starting service [Tomcat]
2021-10-27 17:18:25.422  INFO 2504 --- [main] org.apache.catalina.core.StandardEngine  : Starting Servlet engine: [Apache Tomcat/9.0.54]
2021-10-27 17:18:25.538  INFO 2504 --- [main] o.a.c.c.C.[.[localhost].[/productapi]    : Initializing Spring embedded WebApplicationContext
2021-10-27 17:18:25.539  INFO 2504 --- [main] w.s.c.ServletWebServerApplicationContext : Root WebApplicationContext: initialization completed in 1543 ms
2021-10-27 17:18:25.687  INFO 2504 --- [main] com.zaxxer.hikari.HikariDataSource       : HikariPool-1 - Starting...
2021-10-27 17:18:26.058  INFO 2504 --- [main] com.zaxxer.hikari.HikariDataSource       : HikariPool-1 - Start completed.
2021-10-27 17:18:26.115  INFO 2504 --- [main] o.hibernate.jpa.internal.util.LogHelper  : HHH000204: Processing PersistenceUnitInfo [name: default]
2021-10-27 17:18:26.188  INFO 2504 --- [main] org.hibernate.Version                    : HHH000412: Hibernate ORM core version 5.6.0.Final
2021-10-27 17:18:26.493  INFO 2504 --- [main] o.hibernate.annotations.common.Version   : HCANN000001: Hibernate Commons Annotations {5.1.2.Final}
2021-10-27 17:18:26.636  INFO 2504 --- [main] org.hibernate.dialect.Dialect            : HHH000400: Using dialect: org.hibernate.dialect.MySQL8Dialect
2021-10-27 17:18:27.172  INFO 2504 --- [main] o.h.e.t.j.p.i.JtaPlatformInitiator       : HHH000490: Using JtaPlatform implementation: [org.hibernate.engine.transaction.jta.platform.internal.NoJtaPlatform]
2021-10-27 17:18:27.181  INFO 2504 --- [main] j.LocalContainerEntityManagerFactoryBean : Initialized JPA EntityManagerFactory for persistence unit 'default'
2021-10-27 17:18:27.640  WARN 2504 --- [main] JpaBaseConfiguration$JpaWebConfiguration : spring.jpa.open-in-view is enabled by default. Therefore, database queries may be performed during view rendering. Explicitly configure spring.jpa.open-in-view to disable this warning
2021-10-27 17:18:27.805  INFO 2504 --- [main] pertySourcedRequestMappingHandlerMapping : Mapped URL path [/v2/api-docs] onto method [springfox.documentation.swagger2.web.Swagger2Controller#getDocumentation(String, HttpServletRequest)]
2021-10-27 17:18:28.131  INFO 2504 --- [main] o.s.b.w.embedded.tomcat.TomcatWebServer  : Tomcat started on port(s): 8080 (http) with context path '/productapi'
2021-10-27 17:18:28.133  INFO 2504 --- [main] d.s.w.p.DocumentationPluginsBootstrapper : Context refreshed
2021-10-27 17:18:28.164  INFO 2504 --- [main] d.s.w.p.DocumentationPluginsBootstrapper : Found 1 custom documentation plugin(s)
2021-10-27 17:18:28.168  WARN 2504 --- [main] ConfigServletWebServerApplicationContext : Exception encountered during context initialization - cancelling refresh attempt: org.springframework.context.ApplicationContextException: Failed to start bean 'documentationPluginsBootstrapper'; nested exception is java.lang.NullPointerException: Cannot invoke "org.springframework.web.servlet.mvc.condition.PatternsRequestCondition.toString()" because the return value of "springfox.documentation.spi.service.contexts.Orderings.patternsCondition(springfox.documentation.RequestHandler)" is null
2021-10-27 17:18:28.171  INFO 2504 --- [main] j.LocalContainerEntityManagerFactoryBean : Closing JPA EntityManagerFactory for persistence unit 'default'
2021-10-27 17:18:28.173  INFO 2504 --- [main] com.zaxxer.hikari.HikariDataSource       : HikariPool-1 - Shutdown initiated...
2021-10-27 17:18:28.185  INFO 2504 --- [main] com.zaxxer.hikari.HikariDataSource       : HikariPool-1 - Shutdown completed.
2021-10-27 17:18:28.203  INFO 2504 --- [main] o.apache.catalina.core.StandardService   : Stopping service [Tomcat]
2021-10-27 17:18:28.219  INFO 2504 --- [main] ConditionEvaluationReportLoggingListener : 

Error starting ApplicationContext. To display the conditions report re-run your application with 'debug' enabled.
2021-10-27 17:18:28.247 ERROR 2504 --- [main] o.s.boot.SpringApplication               : Application run failed

org.springframework.context.ApplicationContextException: Failed to start bean 'documentationPluginsBootstrapper'; nested exception is java.lang.NullPointerException: Cannot invoke "org.springframework.web.servlet.mvc.condition.PatternsRequestCondition.toString()" because the return value of "springfox.documentation.spi.service.contexts.Orderings.patternsCondition(springfox.documentation.RequestHandler)" is null
	at org.springframework.context.support.DefaultLifecycleProcessor.doStart(DefaultLifecycleProcessor.java:181) ~[spring-context-5.3.12.jar:5.3.12]
	at org.springframework.context.support.DefaultLifecycleProcessor.access$200(DefaultLifecycleProcessor.java:54) ~[spring-context-5.3.12.jar:5.3.12]
	at org.springframework.context.support.DefaultLifecycleProcessor$LifecycleGroup.start(DefaultLifecycleProcessor.java:356) ~[spring-context-5.3.12.jar:5.3.12]
	at java.base/java.lang.Iterable.forEach(Iterable.java:75) ~[na:na]
	at org.springframework.context.support.DefaultLifecycleProcessor.startBeans(DefaultLifecycleProcessor.java:155) ~[spring-context-5.3.12.jar:5.3.12]
	at org.springframework.context.support.DefaultLifecycleProcessor.onRefresh(DefaultLifecycleProcessor.java:123) ~[spring-context-5.3.12.jar:5.3.12]
	at org.springframework.context.support.AbstractApplicationContext.finishRefresh(AbstractApplicationContext.java:935) ~[spring-context-5.3.12.jar:5.3.12]
	at org.springframework.context.support.AbstractApplicationContext.refresh(AbstractApplicationContext.java:586) ~[spring-context-5.3.12.jar:5.3.12]
	at org.springframework.boot.web.servlet.context.ServletWebServerApplicationContext.refresh(ServletWebServerApplicationContext.java:145) ~[spring-boot-2.6.0-SNAPSHOT.jar:2.6.0-SNAPSHOT]
	at org.springframework.boot.SpringApplication.refresh(SpringApplication.java:719) ~[spring-boot-2.6.0-SNAPSHOT.jar:2.6.0-SNAPSHOT]
	at org.springframework.boot.SpringApplication.refreshContext(SpringApplication.java:401) ~[spring-boot-2.6.0-SNAPSHOT.jar:2.6.0-SNAPSHOT]
	at org.springframework.boot.SpringApplication.run(SpringApplication.java:302) ~[spring-boot-2.6.0-SNAPSHOT.jar:2.6.0-SNAPSHOT]
	at org.springframework.boot.SpringApplication.run(SpringApplication.java:1290) ~[spring-boot-2.6.0-SNAPSHOT.jar:2.6.0-SNAPSHOT]
	at org.springframework.boot.SpringApplication.run(SpringApplication.java:1279) ~[spring-boot-2.6.0-SNAPSHOT.jar:2.6.0-SNAPSHOT]
	at com.alfacentauri.ProductRestApiApplication.main(ProductRestApiApplication.java:13) ~[classes/:na]
Caused by: java.lang.NullPointerException: Cannot invoke "org.springframework.web.servlet.mvc.condition.PatternsRequestCondition.toString()" because the return value of "springfox.documentation.spi.service.contexts.Orderings.patternsCondition(springfox.documentation.RequestHandler)" is null
	at springfox.documentation.spi.service.contexts.Orderings$8.compare(Orderings.java:112) ~[springfox-spi-2.9.2.jar:null]
	at springfox.documentation.spi.service.contexts.Orderings$8.compare(Orderings.java:109) ~[springfox-spi-2.9.2.jar:null]
	at com.google.common.collect.ComparatorOrdering.compare(ComparatorOrdering.java:37) ~[guava-20.0.jar:na]
	at java.base/java.util.TimSort.countRunAndMakeAscending(TimSort.java:355) ~[na:na]
	at java.base/java.util.TimSort.sort(TimSort.java:220) ~[na:na]
	at java.base/java.util.Arrays.sort(Arrays.java:1233) ~[na:na]
	at com.google.common.collect.Ordering.sortedCopy(Ordering.java:855) ~[guava-20.0.jar:na]
	at springfox.documentation.spring.web.plugins.WebMvcRequestHandlerProvider.requestHandlers(WebMvcRequestHandlerProvider.java:57) ~[springfox-spring-web-2.9.2.jar:null]
	at springfox.documentation.spring.web.plugins.DocumentationPluginsBootstrapper$2.apply(DocumentationPluginsBootstrapper.java:138) ~[springfox-spring-web-2.9.2.jar:null]
	at springfox.documentation.spring.web.plugins.DocumentationPluginsBootstrapper$2.apply(DocumentationPluginsBootstrapper.java:135) ~[springfox-spring-web-2.9.2.jar:null]
	at com.google.common.collect.Iterators$7.transform(Iterators.java:750) ~[guava-20.0.jar:na]
	at com.google.common.collect.TransformedIterator.next(TransformedIterator.java:47) ~[guava-20.0.jar:na]
	at com.google.common.collect.TransformedIterator.next(TransformedIterator.java:47) ~[guava-20.0.jar:na]
	at com.google.common.collect.MultitransformedIterator.hasNext(MultitransformedIterator.java:52) ~[guava-20.0.jar:na]
	at com.google.common.collect.MultitransformedIterator.hasNext(MultitransformedIterator.java:50) ~[guava-20.0.jar:na]
	at com.google.common.collect.ImmutableList.copyOf(ImmutableList.java:249) ~[guava-20.0.jar:na]
	at com.google.common.collect.ImmutableList.copyOf(ImmutableList.java:209) ~[guava-20.0.jar:na]
	at com.google.common.collect.FluentIterable.toList(FluentIterable.java:614) ~[guava-20.0.jar:na]
	at springfox.documentation.spring.web.plugins.DocumentationPluginsBootstrapper.defaultContextBuilder(DocumentationPluginsBootstrapper.java:111) ~[springfox-spring-web-2.9.2.jar:null]
	at springfox.documentation.spring.web.plugins.DocumentationPluginsBootstrapper.buildContext(DocumentationPluginsBootstrapper.java:96) ~[springfox-spring-web-2.9.2.jar:null]
	at springfox.documentation.spring.web.plugins.DocumentationPluginsBootstrapper.start(DocumentationPluginsBootstrapper.java:167) ~[springfox-spring-web-2.9.2.jar:null]
	at org.springframework.context.support.DefaultLifecycleProcessor.doStart(DefaultLifecycleProcessor.java:178) ~[spring-context-5.3.12.jar:5.3.12]
	... 14 common frames omitted

2021-10-27 17:37:03.050  INFO 4460 --- [main] c.a.ProductRestApiApplication            : Starting ProductRestApiApplication using Java 17 on DESKTOP-CSIV5M0 with PID 4460 (C:\Users\103412781\Documents\Spring Tools Suite 4\Spring Boot Fundamentals\productRestApi\target\classes started by 103412781 in C:\Users\103412781\Documents\Spring Tools Suite 4\Spring Boot Fundamentals\productRestApi)
2021-10-27 17:37:03.059  INFO 4460 --- [main] c.a.ProductRestApiApplication            : No active profile set, falling back to default profiles: default
2021-10-27 17:37:04.241  INFO 4460 --- [main] .s.d.r.c.RepositoryConfigurationDelegate : Bootstrapping Spring Data JPA repositories in DEFAULT mode.
2021-10-27 17:37:04.317  INFO 4460 --- [main] .s.d.r.c.RepositoryConfigurationDelegate : Finished Spring Data repository scanning in 65 ms. Found 1 JPA repository interfaces.
2021-10-27 17:37:05.226  INFO 4460 --- [main] o.s.b.w.embedded.tomcat.TomcatWebServer  : Tomcat initialized with port(s): 8080 (http)
2021-10-27 17:37:05.237  INFO 4460 --- [main] o.apache.catalina.core.StandardService   : Starting service [Tomcat]
2021-10-27 17:37:05.238  INFO 4460 --- [main] org.apache.catalina.core.StandardEngine  : Starting Servlet engine: [Apache Tomcat/9.0.54]
2021-10-27 17:37:05.403  INFO 4460 --- [main] o.a.c.c.C.[.[localhost].[/productapi]    : Initializing Spring embedded WebApplicationContext
2021-10-27 17:37:05.405  INFO 4460 --- [main] w.s.c.ServletWebServerApplicationContext : Root WebApplicationContext: initialization completed in 2240 ms
2021-10-27 17:37:05.598  INFO 4460 --- [main] com.zaxxer.hikari.HikariDataSource       : HikariPool-1 - Starting...
2021-10-27 17:37:06.249  INFO 4460 --- [main] com.zaxxer.hikari.HikariDataSource       : HikariPool-1 - Start completed.
2021-10-27 17:37:06.320  INFO 4460 --- [main] o.hibernate.jpa.internal.util.LogHelper  : HHH000204: Processing PersistenceUnitInfo [name: default]
2021-10-27 17:37:06.525  INFO 4460 --- [main] org.hibernate.Version                    : HHH000412: Hibernate ORM core version 5.6.0.Final
2021-10-27 17:37:06.999  INFO 4460 --- [main] o.hibernate.annotations.common.Version   : HCANN000001: Hibernate Commons Annotations {5.1.2.Final}
2021-10-27 17:37:07.502  INFO 4460 --- [main] org.hibernate.dialect.Dialect            : HHH000400: Using dialect: org.hibernate.dialect.MySQL8Dialect
2021-10-27 17:37:08.568  INFO 4460 --- [main] o.h.e.t.j.p.i.JtaPlatformInitiator       : HHH000490: Using JtaPlatform implementation: [org.hibernate.engine.transaction.jta.platform.internal.NoJtaPlatform]
2021-10-27 17:37:08.580  INFO 4460 --- [main] j.LocalContainerEntityManagerFactoryBean : Initialized JPA EntityManagerFactory for persistence unit 'default'
2021-10-27 17:37:09.046  WARN 4460 --- [main] JpaBaseConfiguration$JpaWebConfiguration : spring.jpa.open-in-view is enabled by default. Therefore, database queries may be performed during view rendering. Explicitly configure spring.jpa.open-in-view to disable this warning
2021-10-27 17:37:09.666  INFO 4460 --- [main] o.s.b.w.embedded.tomcat.TomcatWebServer  : Tomcat started on port(s): 8080 (http) with context path '/productapi'
2021-10-27 17:37:09.680  INFO 4460 --- [main] c.a.ProductRestApiApplication            : Started ProductRestApiApplication in 7.354 seconds (JVM running for 8.778)
2021-10-27 17:39:04.771  INFO 4460 --- [http-nio-8080-exec-2] o.a.c.c.C.[.[localhost].[/productapi]    : Initializing Spring DispatcherServlet 'dispatcherServlet'
2021-10-27 17:39:04.775  INFO 4460 --- [http-nio-8080-exec-2] o.s.web.servlet.DispatcherServlet        : Initializing Servlet 'dispatcherServlet'
2021-10-27 17:39:04.777  INFO 4460 --- [http-nio-8080-exec-2] o.s.web.servlet.DispatcherServlet        : Completed initialization in 2 ms
2021-10-27 17:39:04.983  WARN 4460 --- [http-nio-8080-exec-2] .w.s.m.s.DefaultHandlerExceptionResolver : Resolved [org.springframework.web.HttpMediaTypeNotSupportedException: Content type 'multipart/form-data;boundary=--------------------------587384416250246863106291;charset=UTF-8' not supported]
2021-10-27 17:39:15.785  WARN 4460 --- [http-nio-8080-exec-3] .w.s.m.s.DefaultHandlerExceptionResolver : Resolved [org.springframework.web.HttpMediaTypeNotSupportedException: Content type 'multipart/form-data;boundary=--------------------------635151765784539456163942;charset=UTF-8' not supported]
2021-10-27 17:40:10.599  WARN 4460 --- [http-nio-8080-exec-6] .w.s.m.s.DefaultHandlerExceptionResolver : Resolved [org.springframework.web.HttpMediaTypeNotSupportedException: Content type 'multipart/form-data;boundary=--------------------------359835688003782599196787;charset=UTF-8' not supported]
2021-10-27 17:41:06.302  WARN 4460 --- [http-nio-8080-exec-9] .w.s.m.s.DefaultHandlerExceptionResolver : Resolved [org.springframework.web.bind.MethodArgumentNotValidException: Validation failed for argument [0] in public com.alfacentauri.entities.Product com.alfacentauri.controllers.ProductRestController.createProduct(com.alfacentauri.entities.Product): [Field error in object 'product' on field 'price': rejected value [0]; codes [Min.product.price,Min.price,Min.int,Min]; arguments [org.springframework.context.support.DefaultMessageSourceResolvable: codes [product.price,price]; arguments []; default message [price],1]; default message [debe ser mayor que o igual a 1]] ]
2021-10-27 17:41:21.680  WARN 4460 --- [http-nio-8080-exec-1] .w.s.m.s.DefaultHandlerExceptionResolver : Resolved [org.springframework.web.bind.MethodArgumentNotValidException: Validation failed for argument [0] in public com.alfacentauri.entities.Product com.alfacentauri.controllers.ProductRestController.createProduct(com.alfacentauri.entities.Product): [Field error in object 'product' on field 'price': rejected value [0]; codes [Min.product.price,Min.price,Min.int,Min]; arguments [org.springframework.context.support.DefaultMessageSourceResolvable: codes [product.price,price]; arguments []; default message [price],1]; default message [debe ser mayor que o igual a 1]] ]
2021-10-27 17:41:25.306  WARN 4460 --- [http-nio-8080-exec-3] .w.s.m.s.DefaultHandlerExceptionResolver : Resolved [org.springframework.web.HttpMediaTypeNotSupportedException: Content type 'multipart/form-data;boundary=--------------------------972156675822490165295446;charset=UTF-8' not supported]
2021-10-27 17:41:44.327  INFO 9776 --- [main] c.a.ProductRestApiApplication            : Starting ProductRestApiApplication using Java 17 on DESKTOP-CSIV5M0 with PID 9776 (C:\Users\103412781\Documents\Spring Tools Suite 4\Spring Boot Fundamentals\productRestApi\target\classes started by 103412781 in C:\Users\103412781\Documents\Spring Tools Suite 4\Spring Boot Fundamentals\productRestApi)
2021-10-27 17:41:44.332  INFO 9776 --- [main] c.a.ProductRestApiApplication            : No active profile set, falling back to default profiles: default
2021-10-27 17:41:45.511  INFO 9776 --- [main] .s.d.r.c.RepositoryConfigurationDelegate : Bootstrapping Spring Data JPA repositories in DEFAULT mode.
2021-10-27 17:41:45.605  INFO 9776 --- [main] .s.d.r.c.RepositoryConfigurationDelegate : Finished Spring Data repository scanning in 77 ms. Found 1 JPA repository interfaces.
2021-10-27 17:41:46.596  INFO 9776 --- [main] o.s.b.w.embedded.tomcat.TomcatWebServer  : Tomcat initialized with port(s): 8080 (http)
2021-10-27 17:41:46.613  INFO 9776 --- [main] o.apache.catalina.core.StandardService   : Starting service [Tomcat]
2021-10-27 17:41:46.614  INFO 9776 --- [main] org.apache.catalina.core.StandardEngine  : Starting Servlet engine: [Apache Tomcat/9.0.54]
2021-10-27 17:41:46.816  INFO 9776 --- [main] o.a.c.c.C.[.[localhost].[/productapi]    : Initializing Spring embedded WebApplicationContext
2021-10-27 17:41:46.817  INFO 9776 --- [main] w.s.c.ServletWebServerApplicationContext : Root WebApplicationContext: initialization completed in 2392 ms
2021-10-27 17:41:47.069  INFO 9776 --- [main] com.zaxxer.hikari.HikariDataSource       : HikariPool-1 - Starting...
2021-10-27 17:41:47.880  INFO 9776 --- [main] com.zaxxer.hikari.HikariDataSource       : HikariPool-1 - Start completed.
2021-10-27 17:41:47.963  INFO 9776 --- [main] o.hibernate.jpa.internal.util.LogHelper  : HHH000204: Processing PersistenceUnitInfo [name: default]
2021-10-27 17:41:48.103  INFO 9776 --- [main] org.hibernate.Version                    : HHH000412: Hibernate ORM core version 5.6.0.Final
2021-10-27 17:41:48.546  INFO 9776 --- [main] o.hibernate.annotations.common.Version   : HCANN000001: Hibernate Commons Annotations {5.1.2.Final}
2021-10-27 17:41:48.840  INFO 9776 --- [main] org.hibernate.dialect.Dialect            : HHH000400: Using dialect: org.hibernate.dialect.MySQL8Dialect
2021-10-27 17:41:50.042  INFO 9776 --- [main] o.h.e.t.j.p.i.JtaPlatformInitiator       : HHH000490: Using JtaPlatform implementation: [org.hibernate.engine.transaction.jta.platform.internal.NoJtaPlatform]
2021-10-27 17:41:50.061  INFO 9776 --- [main] j.LocalContainerEntityManagerFactoryBean : Initialized JPA EntityManagerFactory for persistence unit 'default'
2021-10-27 17:41:50.662  WARN 9776 --- [main] JpaBaseConfiguration$JpaWebConfiguration : spring.jpa.open-in-view is enabled by default. Therefore, database queries may be performed during view rendering. Explicitly configure spring.jpa.open-in-view to disable this warning
2021-10-27 17:41:51.466  WARN 9776 --- [main] ConfigServletWebServerApplicationContext : Exception encountered during context initialization - cancelling refresh attempt: org.springframework.context.ApplicationContextException: Failed to start bean 'webServerStartStop'; nested exception is org.springframework.boot.web.server.PortInUseException: Port 8080 is already in use
2021-10-27 17:41:51.469  INFO 9776 --- [main] j.LocalContainerEntityManagerFactoryBean : Closing JPA EntityManagerFactory for persistence unit 'default'
2021-10-27 17:41:51.473  INFO 9776 --- [main] com.zaxxer.hikari.HikariDataSource       : HikariPool-1 - Shutdown initiated...
2021-10-27 17:41:51.494  INFO 9776 --- [main] com.zaxxer.hikari.HikariDataSource       : HikariPool-1 - Shutdown completed.
2021-10-27 17:41:51.498  INFO 9776 --- [main] o.apache.catalina.core.StandardService   : Stopping service [Tomcat]
2021-10-27 17:41:51.522  INFO 9776 --- [main] ConditionEvaluationReportLoggingListener : 

Error starting ApplicationContext. To display the conditions report re-run your application with 'debug' enabled.
2021-10-27 17:41:51.564 ERROR 9776 --- [main] o.s.b.d.LoggingFailureAnalysisReporter   : 

***************************
APPLICATION FAILED TO START
***************************

Description:

Web server failed to start. Port 8080 was already in use.

Action:

Identify and stop the process that's listening on port 8080 or configure this application to listen on another port.

2021-10-27 17:41:54.738  WARN 4460 --- [http-nio-8080-exec-4] .w.s.m.s.DefaultHandlerExceptionResolver : Resolved [org.springframework.web.HttpMediaTypeNotSupportedException: Content type 'multipart/form-data;boundary=--------------------------081679797055821733586799;charset=UTF-8' not supported]
2021-10-27 17:41:56.970  WARN 4460 --- [http-nio-8080-exec-5] .w.s.m.s.DefaultHandlerExceptionResolver : Resolved [org.springframework.web.HttpMediaTypeNotSupportedException: Content type 'multipart/form-data;boundary=--------------------------920880558890027747846552;charset=UTF-8' not supported]
2021-10-27 17:41:58.983  WARN 4460 --- [http-nio-8080-exec-6] .w.s.m.s.DefaultHandlerExceptionResolver : Resolved [org.springframework.web.bind.MethodArgumentNotValidException: Validation failed for argument [0] in public com.alfacentauri.entities.Product com.alfacentauri.controllers.ProductRestController.createProduct(com.alfacentauri.entities.Product): [Field error in object 'product' on field 'price': rejected value [0]; codes [Min.product.price,Min.price,Min.int,Min]; arguments [org.springframework.context.support.DefaultMessageSourceResolvable: codes [product.price,price]; arguments []; default message [price],1]; default message [debe ser mayor que o igual a 1]] ]
2021-10-27 17:42:00.713  WARN 4460 --- [http-nio-8080-exec-8] .w.s.m.s.DefaultHandlerExceptionResolver : Resolved [org.springframework.web.bind.MethodArgumentNotValidException: Validation failed for argument [0] in public com.alfacentauri.entities.Product com.alfacentauri.controllers.ProductRestController.createProduct(com.alfacentauri.entities.Product): [Field error in object 'product' on field 'price': rejected value [0]; codes [Min.product.price,Min.price,Min.int,Min]; arguments [org.springframework.context.support.DefaultMessageSourceResolvable: codes [product.price,price]; arguments []; default message [price],1]; default message [debe ser mayor que o igual a 1]] ]
2021-10-27 17:42:20.272  INFO 13844 --- [main] c.a.ProductRestApiApplication            : Starting ProductRestApiApplication using Java 17 on DESKTOP-CSIV5M0 with PID 13844 (C:\Users\103412781\Documents\Spring Tools Suite 4\Spring Boot Fundamentals\productRestApi\target\classes started by 103412781 in C:\Users\103412781\Documents\Spring Tools Suite 4\Spring Boot Fundamentals\productRestApi)
2021-10-27 17:42:20.277  INFO 13844 --- [main] c.a.ProductRestApiApplication            : No active profile set, falling back to default profiles: default
2021-10-27 17:42:23.506  INFO 4460 --- [RMI TCP Connection(13)-127.0.0.1] inMXBeanRegistrar$SpringApplicationAdmin : Application shutdown requested.
2021-10-27 17:42:23.540  INFO 4460 --- [RMI TCP Connection(13)-127.0.0.1] j.LocalContainerEntityManagerFactoryBean : Closing JPA EntityManagerFactory for persistence unit 'default'
2021-10-27 17:42:23.543  INFO 4460 --- [RMI TCP Connection(13)-127.0.0.1] com.zaxxer.hikari.HikariDataSource       : HikariPool-1 - Shutdown initiated...
2021-10-27 17:42:23.561  INFO 4460 --- [RMI TCP Connection(13)-127.0.0.1] com.zaxxer.hikari.HikariDataSource       : HikariPool-1 - Shutdown completed.
2021-10-27 17:42:29.196  INFO 13000 --- [main] c.a.ProductRestApiApplication            : Starting ProductRestApiApplication using Java 17 on DESKTOP-CSIV5M0 with PID 13000 (C:\Users\103412781\Documents\Spring Tools Suite 4\Spring Boot Fundamentals\productRestApi\target\classes started by 103412781 in C:\Users\103412781\Documents\Spring Tools Suite 4\Spring Boot Fundamentals\productRestApi)
2021-10-27 17:42:29.200  INFO 13000 --- [main] c.a.ProductRestApiApplication            : No active profile set, falling back to default profiles: default
2021-10-27 17:42:30.806  INFO 13000 --- [main] .s.d.r.c.RepositoryConfigurationDelegate : Bootstrapping Spring Data JPA repositories in DEFAULT mode.
2021-10-27 17:42:30.891  INFO 13000 --- [main] .s.d.r.c.RepositoryConfigurationDelegate : Finished Spring Data repository scanning in 69 ms. Found 1 JPA repository interfaces.
2021-10-27 17:42:31.861  INFO 13000 --- [main] o.s.b.w.embedded.tomcat.TomcatWebServer  : Tomcat initialized with port(s): 8080 (http)
2021-10-27 17:42:31.882  INFO 13000 --- [main] o.apache.catalina.core.StandardService   : Starting service [Tomcat]
2021-10-27 17:42:31.883  INFO 13000 --- [main] org.apache.catalina.core.StandardEngine  : Starting Servlet engine: [Apache Tomcat/9.0.54]
2021-10-27 17:42:32.075  INFO 13000 --- [main] o.a.c.c.C.[.[localhost].[/productapi]    : Initializing Spring embedded WebApplicationContext
2021-10-27 17:42:32.075  INFO 13000 --- [main] w.s.c.ServletWebServerApplicationContext : Root WebApplicationContext: initialization completed in 2740 ms
2021-10-27 17:42:32.334  INFO 13000 --- [main] com.zaxxer.hikari.HikariDataSource       : HikariPool-1 - Starting...
2021-10-27 17:42:33.056  INFO 13000 --- [main] com.zaxxer.hikari.HikariDataSource       : HikariPool-1 - Start completed.
2021-10-27 17:42:33.155  INFO 13000 --- [main] o.hibernate.jpa.internal.util.LogHelper  : HHH000204: Processing PersistenceUnitInfo [name: default]
2021-10-27 17:42:33.291  INFO 13000 --- [main] org.hibernate.Version                    : HHH000412: Hibernate ORM core version 5.6.0.Final
2021-10-27 17:42:33.744  INFO 13000 --- [main] o.hibernate.annotations.common.Version   : HCANN000001: Hibernate Commons Annotations {5.1.2.Final}
2021-10-27 17:42:34.397  INFO 13000 --- [main] org.hibernate.dialect.Dialect            : HHH000400: Using dialect: org.hibernate.dialect.MySQL8Dialect
2021-10-27 17:42:36.244  INFO 13000 --- [main] o.h.e.t.j.p.i.JtaPlatformInitiator       : HHH000490: Using JtaPlatform implementation: [org.hibernate.engine.transaction.jta.platform.internal.NoJtaPlatform]
2021-10-27 17:42:36.259  INFO 13000 --- [main] j.LocalContainerEntityManagerFactoryBean : Initialized JPA EntityManagerFactory for persistence unit 'default'
2021-10-27 17:42:36.797  WARN 13000 --- [main] JpaBaseConfiguration$JpaWebConfiguration : spring.jpa.open-in-view is enabled by default. Therefore, database queries may be performed during view rendering. Explicitly configure spring.jpa.open-in-view to disable this warning
2021-10-27 17:42:37.573  INFO 13000 --- [main] o.s.b.w.embedded.tomcat.TomcatWebServer  : Tomcat started on port(s): 8080 (http) with context path '/productapi'
2021-10-27 17:42:37.597  INFO 13000 --- [main] c.a.ProductRestApiApplication            : Started ProductRestApiApplication in 9.427 seconds (JVM running for 11.046)
2021-10-27 17:42:40.564  INFO 13000 --- [http-nio-8080-exec-2] o.a.c.c.C.[.[localhost].[/productapi]    : Initializing Spring DispatcherServlet 'dispatcherServlet'
2021-10-27 17:42:40.565  INFO 13000 --- [http-nio-8080-exec-2] o.s.web.servlet.DispatcherServlet        : Initializing Servlet 'dispatcherServlet'
2021-10-27 17:42:40.567  INFO 13000 --- [http-nio-8080-exec-2] o.s.web.servlet.DispatcherServlet        : Completed initialization in 1 ms
2021-10-27 17:42:51.981  WARN 13000 --- [http-nio-8080-exec-6] .w.s.m.s.DefaultHandlerExceptionResolver : Resolved [org.springframework.web.bind.MethodArgumentNotValidException: Validation failed for argument [0] in public com.alfacentauri.entities.Product com.alfacentauri.controllers.ProductRestController.createProduct(com.alfacentauri.entities.Product): [Field error in object 'product' on field 'price': rejected value [0]; codes [Min.product.price,Min.price,Min.int,Min]; arguments [org.springframework.context.support.DefaultMessageSourceResolvable: codes [product.price,price]; arguments []; default message [price],1]; default message [The minimun price should be 1]] ]
2021-10-27 18:06:33.563  INFO 13000 --- [RMI TCP Connection(31)-127.0.0.1] inMXBeanRegistrar$SpringApplicationAdmin : Application shutdown requested.
2021-10-27 18:06:33.664  INFO 13000 --- [RMI TCP Connection(31)-127.0.0.1] j.LocalContainerEntityManagerFactoryBean : Closing JPA EntityManagerFactory for persistence unit 'default'
2021-10-27 18:06:33.670  INFO 13000 --- [RMI TCP Connection(31)-127.0.0.1] com.zaxxer.hikari.HikariDataSource       : HikariPool-1 - Shutdown initiated...
2021-10-27 18:06:33.724  INFO 13000 --- [RMI TCP Connection(31)-127.0.0.1] com.zaxxer.hikari.HikariDataSource       : HikariPool-1 - Shutdown completed.
